<?xml version="1.0" encoding="UTF-8"?>
<!-- Generated by org.testng.reporters.JUnitReportReporter -->
<testsuite skipped="0" hostname="DESKTOP-D0335PQ" name="AliExpress.HomePageTest" tests="1" failures="0" timestamp="02 Nov 2018 04:36:29 GMT" time="5.251" errors="0">
  <testcase name="validate" time="5.251" classname="AliExpress.HomePageTest"/>
</testsuite> <!-- AliExpress.HomePageTest -->
