<?xml version="1.0" encoding="UTF-8"?>
<!-- Generated by org.testng.reporters.JUnitReportReporter -->
<testsuite skipped="0" hostname="DESKTOP-D0335PQ" name="AliExpress.LoginPage" tests="2" failures="0" timestamp="01 Nov 2018 18:52:00 GMT" time="23.282" errors="0">
  <testcase name="basePageNavigation" time="14.109" classname="AliExpress.LoginPage"/>
  <testcase name="basePageNavigation" time="9.173" classname="AliExpress.LoginPage"/>
</testsuite> <!-- AliExpress.LoginPage -->
