<?xml version="1.0" encoding="UTF-8"?>
<!-- Generated by org.testng.reporters.JUnitReportReporter -->
<testsuite skipped="0" hostname="DESKTOP-D0335PQ" name="AliExpress.ConfirmPageTest" tests="1" failures="0" timestamp="01 Nov 2018 21:56:36 GMT" time="0.951" errors="0">
  <testcase name="ConfirmPay" time="0.951" classname="AliExpress.ConfirmPageTest"/>
</testsuite> <!-- AliExpress.ConfirmPageTest -->
