<?xml version="1.0" encoding="UTF-8"?>
<!-- Generated by org.testng.reporters.JUnitReportReporter -->
<testsuite skipped="0" hostname="DESKTOP-D0335PQ" name="AliExpress.LoginPageTest" tests="2" failures="0" timestamp="02 Nov 2018 04:36:29 GMT" time="22.905" errors="0">
  <testcase name="basePageNavigation" time="8.484" classname="AliExpress.LoginPageTest"/>
  <testcase name="basePageNavigation" time="14.421" classname="AliExpress.LoginPageTest"/>
</testsuite> <!-- AliExpress.LoginPageTest -->
