<?xml version="1.0" encoding="UTF-8"?>
<!-- Generated by org.testng.reporters.JUnitReportReporter -->
<testsuite skipped="0" hostname="DESKTOP-D0335PQ" name="AliExpress.ProductPageTest" tests="1" failures="0" timestamp="02 Nov 2018 19:39:06 GMT" time="16.312" errors="0">
  <testcase name="productselection" time="16.312" classname="AliExpress.ProductPageTest"/>
</testsuite> <!-- AliExpress.ProductPageTest -->
