<?xml version="1.0" encoding="UTF-8"?>
<!-- Generated by org.testng.reporters.JUnitReportReporter -->
<testsuite skipped="0" hostname="DESKTOP-D0335PQ" name="AliExpress.LoginPageTest" tests="2" failures="0" timestamp="02 Nov 2018 19:39:06 GMT" time="20.712" errors="0">
  <testcase name="basePageNavigation" time="13.555" classname="AliExpress.LoginPageTest"/>
  <testcase name="basePageNavigation" time="7.157" classname="AliExpress.LoginPageTest"/>
</testsuite> <!-- AliExpress.LoginPageTest -->
